<?xml version="1.0" encoding="UTF-8"?>
<!-- Generated by org.testng.reporters.JUnitXMLReporter -->
<testsuite hostname="DESKTOP-NMG6R38" ignored="0" name="chrome" tests="4" failures="0" timestamp="30 Aug 2021 07:01:18 GMT" time="17.234" errors="0">
  <testcase name="testSimple" time="8.917" classname="DockerTest.ParrallelExecution"/>
  <testcase name="testSimpleFour" time="2.088" classname="DockerTest.ParrallelExecution"/>
  <testcase name="testSimpleThree" time="2.506" classname="DockerTest.ParrallelExecution"/>
  <testcase name="testSimpleTwo" time="2.319" classname="DockerTest.ParrallelExecution"/>
</testsuite> <!-- chrome -->
