<?xml version="1.0" encoding="UTF-8"?>
<!-- Generated by org.testng.reporters.JUnitXMLReporter -->
<testsuite hostname="DESKTOP-NMG6R38" ignored="0" name="ff" tests="4" failures="0" timestamp="30 Aug 2021 07:01:19 GMT" time="18.436" errors="0">
  <testcase name="testSimple" time="7.901" classname="DockerTest.ParrallelExecution"/>
  <testcase name="testSimpleFour" time="2.243" classname="DockerTest.ParrallelExecution"/>
  <testcase name="testSimpleThree" time="2.148" classname="DockerTest.ParrallelExecution"/>
  <testcase name="testSimpleTwo" time="2.596" classname="DockerTest.ParrallelExecution"/>
</testsuite> <!-- ff -->
