<?xml version="1.0" encoding="UTF-8"?>
<testsuite xmlns:xsi="http://www.w3.org/2001/XMLSchema-instance" xsi:schemaLocation="https://maven.apache.org/surefire/maven-surefire-plugin/xsd/surefire-test-report.xsd" name="TestSuite" time="19.002" tests="8" errors="0" skipped="0" failures="0">
  <properties>
[...]
</properties>
  <testcase name="testSimple" classname="DockerTest.ParrallelExecution" time="7.312"/>
  <testcase name="testSimple" classname="DockerTest.ParrallelExecution" time="0.587"/>
  <testcase name="testSimpleFour" classname="DockerTest.ParrallelExecution" time="1.499"/>
  <testcase name="testSimpleFour" classname="DockerTest.ParrallelExecution" time="0.748"/>
  <testcase name="testSimpleThree" classname="DockerTest.ParrallelExecution" time="1.754"/>
  <testcase name="testSimpleThree" classname="DockerTest.ParrallelExecution" time="0.389"/>
  <testcase name="testSimpleTwo" classname="DockerTest.ParrallelExecution" time="1.929"/>
  <testcase name="testSimpleTwo" classname="DockerTest.ParrallelExecution" time="2.596"/>
</testsuite>