<?xml version="1.0" encoding="UTF-8"?>
<!-- Generated by org.testng.reporters.JUnitXMLReporter -->
<testsuite hostname="DESKTOP-NMG6R38" ignored="0" name="chrome" tests="4" failures="0" timestamp="12 Aug 2021 15:31:19 GMT" time="36.074" errors="0">
  <testcase name="testSimple" time="24.264" classname="DockerTest.ParrallelExecution"/>
  <testcase name="testSimpleFour" time="2.611" classname="DockerTest.ParrallelExecution"/>
  <testcase name="testSimpleThree" time="3.938" classname="DockerTest.ParrallelExecution"/>
  <testcase name="testSimpleTwo" time="2.511" classname="DockerTest.ParrallelExecution"/>
</testsuite> <!-- chrome -->
