<?xml version="1.0" encoding="UTF-8"?>
<!-- Generated by org.testng.reporters.JUnitXMLReporter -->
<testsuite hostname="DESKTOP-NMG6R38" ignored="0" name="chrome-test" tests="4" failures="0" timestamp="10 Aug 2021 12:27:27 GMT" time="26.25" errors="0">
  <testcase name="testSimple" time="10.123" classname="DockerTest.ParrallelExecution"/>
  <testcase name="testSimpleFour" time="2.76" classname="DockerTest.ParrallelExecution"/>
  <testcase name="testSimpleThree" time="2.884" classname="DockerTest.ParrallelExecution"/>
  <testcase name="testSimpleTwo" time="3.158" classname="DockerTest.ParrallelExecution"/>
</testsuite> <!-- chrome-test -->
