<?xml version="1.0" encoding="UTF-8"?>
<!-- Generated by org.testng.reporters.JUnitXMLReporter -->
<testsuite hostname="DESKTOP-NMG6R38" ignored="0" name="ff" tests="4" failures="0" timestamp="12 Aug 2021 15:31:22 GMT" time="39.313" errors="0">
  <testcase name="testSimple" time="9.403" classname="DockerTest.ParrallelExecution"/>
  <testcase name="testSimpleFour" time="3.175" classname="DockerTest.ParrallelExecution"/>
  <testcase name="testSimpleThree" time="3.951" classname="DockerTest.ParrallelExecution"/>
  <testcase name="testSimpleTwo" time="3.179" classname="DockerTest.ParrallelExecution"/>
</testsuite> <!-- ff -->
