<?xml version="1.0" encoding="UTF-8"?>
<!-- Generated by org.testng.reporters.JUnitXMLReporter -->
<testsuite hostname="DESKTOP-NMG6R38" ignored="0" name="firefox" tests="4" failures="0" timestamp="10 Aug 2021 12:27:33 GMT" time="32.666" errors="0">
  <testcase name="testSimple" time="10.233" classname="DockerTest.ParrallelExecution"/>
  <testcase name="testSimpleFour" time="3.115" classname="DockerTest.ParrallelExecution"/>
  <testcase name="testSimpleThree" time="3.487" classname="DockerTest.ParrallelExecution"/>
  <testcase name="testSimpleTwo" time="3.184" classname="DockerTest.ParrallelExecution"/>
</testsuite> <!-- firefox -->
