<?xml version="1.0" encoding="UTF-8"?>
<testng-results skipped="0" failed="0" ignored="0" total="4" passed="4">
  <reporter-output>
  </reporter-output>
  <suite name="Suite" duration-ms="18306" started-at="2021-08-30T05:57:55Z" finished-at="2021-08-30T05:58:13Z">
    <groups>
    </groups>
    <test name="ChromeTest" duration-ms="9103" started-at="2021-08-30T05:57:55Z" finished-at="2021-08-30T05:58:04Z">
      <class name="DockerTest.ChromeTest">
        <test-method status="PASS" signature="ChromeBrowserTest()[pri:0, instance:DockerTest.ChromeTest@5e3a8624]" name="ChromeBrowserTest" duration-ms="6920" started-at="2021-08-30T05:57:55Z" finished-at="2021-08-30T05:58:02Z">
          <reporter-output>
          </reporter-output>
        </test-method> <!-- ChromeBrowserTest -->
        <test-method status="PASS" signature="ChromeBrowserTestTwo()[pri:0, instance:DockerTest.ChromeTest@5e3a8624]" name="ChromeBrowserTestTwo" duration-ms="2145" started-at="2021-08-30T05:58:02Z" finished-at="2021-08-30T05:58:04Z">
          <reporter-output>
          </reporter-output>
        </test-method> <!-- ChromeBrowserTestTwo -->
      </class> <!-- DockerTest.ChromeTest -->
    </test> <!-- ChromeTest -->
    <test name="FirefoxTest" duration-ms="18306" started-at="2021-08-30T05:57:55Z" finished-at="2021-08-30T05:58:13Z">
      <class name="DockerTest.SeleniumFirefox">
        <test-method status="PASS" signature="FirefoxTest()[pri:0, instance:DockerTest.SeleniumFirefox@42dafa95]" name="FirefoxTest" duration-ms="12172" started-at="2021-08-30T05:57:55Z" finished-at="2021-08-30T05:58:07Z">
          <reporter-output>
          </reporter-output>
        </test-method> <!-- FirefoxTest -->
        <test-method status="PASS" signature="FirefoxTestTwo()[pri:0, instance:DockerTest.SeleniumFirefox@42dafa95]" name="FirefoxTestTwo" duration-ms="6102" started-at="2021-08-30T05:58:07Z" finished-at="2021-08-30T05:58:13Z">
          <reporter-output>
          </reporter-output>
        </test-method> <!-- FirefoxTestTwo -->
      </class> <!-- DockerTest.SeleniumFirefox -->
    </test> <!-- FirefoxTest -->
  </suite> <!-- Suite -->
</testng-results>
