<?xml version="1.0" encoding="UTF-8"?>
<testng-results skipped="0" failed="0" ignored="0" total="8" passed="8">
  <reporter-output>
  </reporter-output>
  <suite name="Docker" duration-ms="39313" started-at="2021-08-12T15:30:43Z" finished-at="2021-08-12T15:31:22Z">
    <groups>
    </groups>
    <test name="chrome" duration-ms="36074" started-at="2021-08-12T15:30:43Z" finished-at="2021-08-12T15:31:19Z">
      <class name="DockerTest.ParrallelExecution">
        <test-method status="PASS" signature="setUp(java.lang.String)[pri:0, instance:DockerTest.ParrallelExecution@31a5c39e]" name="setUp" is-config="true" duration-ms="2628" started-at="2021-08-12T15:30:43Z" finished-at="2021-08-12T15:30:46Z">
          <params>
            <param index="0">
              <value>
                <![CDATA[chrome]]>
              </value>
            </param>
          </params>
          <reporter-output>
          </reporter-output>
        </test-method> <!-- setUp -->
        <test-method status="PASS" signature="testSimple()[pri:0, instance:DockerTest.ParrallelExecution@31a5c39e]" name="testSimple" duration-ms="24264" started-at="2021-08-12T15:30:46Z" finished-at="2021-08-12T15:31:10Z">
          <reporter-output>
          </reporter-output>
        </test-method> <!-- testSimple -->
        <test-method status="PASS" signature="testSimpleFour()[pri:0, instance:DockerTest.ParrallelExecution@31a5c39e]" name="testSimpleFour" duration-ms="2611" started-at="2021-08-12T15:31:10Z" finished-at="2021-08-12T15:31:12Z">
          <reporter-output>
          </reporter-output>
        </test-method> <!-- testSimpleFour -->
        <test-method status="PASS" signature="testSimpleThree()[pri:0, instance:DockerTest.ParrallelExecution@31a5c39e]" name="testSimpleThree" duration-ms="3938" started-at="2021-08-12T15:31:12Z" finished-at="2021-08-12T15:31:16Z">
          <reporter-output>
          </reporter-output>
        </test-method> <!-- testSimpleThree -->
        <test-method status="PASS" signature="testSimpleTwo()[pri:0, instance:DockerTest.ParrallelExecution@31a5c39e]" name="testSimpleTwo" duration-ms="2511" started-at="2021-08-12T15:31:16Z" finished-at="2021-08-12T15:31:19Z">
          <reporter-output>
          </reporter-output>
        </test-method> <!-- testSimpleTwo -->
        <test-method status="PASS" signature="tearDown()[pri:0, instance:DockerTest.ParrallelExecution@31a5c39e]" name="tearDown" is-config="true" duration-ms="80" started-at="2021-08-12T15:31:19Z" finished-at="2021-08-12T15:31:19Z">
          <reporter-output>
          </reporter-output>
        </test-method> <!-- tearDown -->
      </class> <!-- DockerTest.ParrallelExecution -->
    </test> <!-- chrome -->
    <test name="ff" duration-ms="39313" started-at="2021-08-12T15:30:43Z" finished-at="2021-08-12T15:31:22Z">
      <class name="DockerTest.ParrallelExecution">
        <test-method status="PASS" signature="setUp(java.lang.String)[pri:0, instance:DockerTest.ParrallelExecution@53b32d7]" name="setUp" is-config="true" duration-ms="18816" started-at="2021-08-12T15:30:43Z" finished-at="2021-08-12T15:31:02Z">
          <params>
            <param index="0">
              <value>
                <![CDATA[firefox]]>
              </value>
            </param>
          </params>
          <reporter-output>
          </reporter-output>
        </test-method> <!-- setUp -->
        <test-method status="PASS" signature="testSimple()[pri:0, instance:DockerTest.ParrallelExecution@53b32d7]" name="testSimple" duration-ms="9403" started-at="2021-08-12T15:31:02Z" finished-at="2021-08-12T15:31:11Z">
          <reporter-output>
          </reporter-output>
        </test-method> <!-- testSimple -->
        <test-method status="PASS" signature="testSimpleFour()[pri:0, instance:DockerTest.ParrallelExecution@53b32d7]" name="testSimpleFour" duration-ms="3175" started-at="2021-08-12T15:31:11Z" finished-at="2021-08-12T15:31:14Z">
          <reporter-output>
          </reporter-output>
        </test-method> <!-- testSimpleFour -->
        <test-method status="PASS" signature="testSimpleThree()[pri:0, instance:DockerTest.ParrallelExecution@53b32d7]" name="testSimpleThree" duration-ms="3951" started-at="2021-08-12T15:31:14Z" finished-at="2021-08-12T15:31:18Z">
          <reporter-output>
          </reporter-output>
        </test-method> <!-- testSimpleThree -->
        <test-method status="PASS" signature="testSimpleTwo()[pri:0, instance:DockerTest.ParrallelExecution@53b32d7]" name="testSimpleTwo" duration-ms="3179" started-at="2021-08-12T15:31:18Z" finished-at="2021-08-12T15:31:21Z">
          <reporter-output>
          </reporter-output>
        </test-method> <!-- testSimpleTwo -->
        <test-method status="PASS" signature="tearDown()[pri:0, instance:DockerTest.ParrallelExecution@53b32d7]" name="tearDown" is-config="true" duration-ms="773" started-at="2021-08-12T15:31:21Z" finished-at="2021-08-12T15:31:22Z">
          <reporter-output>
          </reporter-output>
        </test-method> <!-- tearDown -->
      </class> <!-- DockerTest.ParrallelExecution -->
    </test> <!-- ff -->
  </suite> <!-- Docker -->
</testng-results>
